{"function":"main.initLogger","level":"INFO","message":"log file   : log/wallet_2026-04-15_22-01-35.log","service":"fetch","timestamp":"2026-04-15T21:01:35Z"}
{"function":"main.main","level":"INFO","message":"output dir : data/2026","service":"fetch","timestamp":"2026-04-15T21:01:35Z"}
{"function":"main.main","level":"INFO","message":"sheets url : https://script.google.com/macros/s/AKfycbyALlephSczuGMKQZtm9PBEmqybu-xP82-vQHC9FbKgi_VF8ivNfbfEVyYQswsKZd4Xfw/exec","service":"fetch","timestamp":"2026-04-15T21:01:35Z"}
{"function":"main.fetchAllMonths","level":"INFO","message":"loaded 31 labels from config/labels.json","service":"fetch","timestamp":"2026-04-15T21:01:35Z"}
{"function":"main.fetchRecordsByLabel","level":"INFO","message":"GET offset=0 url=https://rest.budgetbakers.com/wallet/v1/api/records?recordDate=gte.2026-01-01%2Clt.2026-02-01\u0026labelId=3b936028-cb21-4158-acae-b1bd5bc66556\u0026limit=100\u0026offset=0\u0026agentHints=false","service":"fetch","timestamp":"2026-04-15T21:01:35Z"}
{"function":"main.fetchRecordsByLabel","level":"INFO","message":"fetched 1 records at offset 0","service":"fetch","timestamp":"2026-04-15T21:01:36Z"}
{"function":"main.fetchAllMonths","level":"INFO","message":"Salary=2725.81","service":"fetch","timestamp":"2026-04-15T21:01:36Z"}
{"function":"main.fetchRecordsByLabel","level":"INFO","message":"GET offset=0 url=https://rest.budgetbakers.com/wallet/v1/api/records?recordDate=gte.2026-01-01%2Clt.2026-02-01\u0026labelId=98973de0-297a-43c0-9017-d97e4939a280\u0026limit=100\u0026offset=0\u0026agentHints=false","service":"fetch","timestamp":"2026-04-15T21:01:36Z"}
{"function":"main.fetchRecordsByLabel","level":"INFO","message":"fetched 1 records at offset 0","service":"fetch","timestamp":"2026-04-15T21:01:36Z"}
{"function":"main.fetchAllMonths","level":"INFO","message":"Health=24.71","service":"fetch","timestamp":"2026-04-15T21:01:36Z"}
{"function":"main.fetchRecordsByLabel","level":"INFO","message":"GET offset=0 url=https://rest.budgetbakers.com/wallet/v1/api/records?recordDate=gte.2026-01-01%2Clt.2026-02-01\u0026labelId=745acdb0-e99e-496a-b51e-cf94c43d6166\u0026limit=100\u0026offset=0\u0026agentHints=false","service":"fetch","timestamp":"2026-04-15T21:01:36Z"}
{"function":"main.fetchRecordsByLabel","level":"INFO","message":"fetched 5 records at offset 0","service":"fetch","timestamp":"2026-04-15T21:01:37Z"}
{"function":"main.fetchAllMonths","level":"INFO","message":"Sports=137.46","service":"fetch","timestamp":"2026-04-15T21:01:37Z"}
{"function":"main.fetchRecordsByLabel","level":"INFO","message":"GET offset=0 url=https://rest.budgetbakers.com/wallet/v1/api/records?recordDate=gte.2026-01-01%2Clt.2026-02-01\u0026labelId=8cb7d8f4-9185-4cac-90ac-4b2dbd9d45b5\u0026limit=100\u0026offset=0\u0026agentHints=false","service":"fetch","timestamp":"2026-04-15T21:01:37Z"}
{"function":"main.fetchRecordsByLabel","level":"INFO","message":"fetched 17 records at offset 0","service":"fetch","timestamp":"2026-04-15T21:01:37Z"}
{"function":"main.fetchAllMonths","level":"INFO","message":"Tranfer B2C=624.98","service":"fetch","timestamp":"2026-04-15T21:01:37Z"}
{"function":"main.fetchRecordsByLabel","level":"INFO","message":"GET offset=0 url=https://rest.budgetbakers.com/wallet/v1/api/records?recordDate=gte.2026-01-01%2Clt.2026-02-01\u0026labelId=ecf8b7a8-e61c-4a16-bee7-66debaf529e7\u0026limit=100\u0026offset=0\u0026agentHints=false","service":"fetch","timestamp":"2026-04-15T21:01:37Z"}
{"function":"main.fetchRecordsByLabel","level":"INFO","message":"fetched 0 records at offset 0","service":"fetch","timestamp":"2026-04-15T21:01:37Z"}
{"function":"main.fetchAllMonths","level":"SKIP","message":"Clothes no records","service":"fetch","timestamp":"2026-04-15T21:01:37Z"}
{"function":"main.fetchRecordsByLabel","level":"INFO","message":"GET offset=0 url=https://rest.budgetbakers.com/wallet/v1/api/records?recordDate=gte.2026-01-01%2Clt.2026-02-01\u0026labelId=0e8c95cf-01cf-49ab-83bc-b3f37c120b79\u0026limit=100\u0026offset=0\u0026agentHints=false","service":"fetch","timestamp":"2026-04-15T21:01:38Z"}
{"function":"main.fetchRecordsByLabel","level":"INFO","message":"fetched 3 records at offset 0","service":"fetch","timestamp":"2026-04-15T21:01:38Z"}
{"function":"main.fetchAllMonths","level":"INFO","message":"Personal Care=102.07","service":"fetch","timestamp":"2026-04-15T21:01:38Z"}
{"function":"main.fetchRecordsByLabel","level":"INFO","message":"GET offset=0 url=https://rest.budgetbakers.com/wallet/v1/api/records?recordDate=gte.2026-01-01%2Clt.2026-02-01\u0026labelId=2f779954-48f4-4ec6-848f-9bb94eec49b9\u0026limit=100\u0026offset=0\u0026agentHints=false","service":"fetch","timestamp":"2026-04-15T21:01:38Z"}
{"function":"main.fetchRecordsByLabel","level":"INFO","message":"fetched 1 records at offset 0","service":"fetch","timestamp":"2026-04-15T21:01:38Z"}
{"function":"main.fetchAllMonths","level":"INFO","message":"Car - Installment=166.75","service":"fetch","timestamp":"2026-04-15T21:01:38Z"}
{"function":"main.fetchRecordsByLabel","level":"INFO","message":"GET offset=0 url=https://rest.budgetbakers.com/wallet/v1/api/records?recordDate=gte.2026-01-01%2Clt.2026-02-01\u0026labelId=1182d1e1-b989-4975-a1e2-497fbd7b9fe7\u0026limit=100\u0026offset=0\u0026agentHints=false","service":"fetch","timestamp":"2026-04-15T21:01:38Z"}
{"function":"main.fetchRecordsByLabel","level":"INFO","message":"fetched 0 records at offset 0","service":"fetch","timestamp":"2026-04-15T21:01:38Z"}
{"function":"main.fetchAllMonths","level":"SKIP","message":"Donations no records","service":"fetch","timestamp":"2026-04-15T21:01:38Z"}
{"function":"main.fetchRecordsByLabel","level":"INFO","message":"GET offset=0 url=https://rest.budgetbakers.com/wallet/v1/api/records?recordDate=gte.2026-01-01%2Clt.2026-02-01\u0026labelId=8f8c2061-20b5-4f62-ad9f-55181a4c61eb\u0026limit=100\u0026offset=0\u0026agentHints=false","service":"fetch","timestamp":"2026-04-15T21:01:39Z"}
{"function":"main.fetchRecordsByLabel","level":"INFO","message":"fetched 4 records at offset 0","service":"fetch","timestamp":"2026-04-15T21:01:39Z"}
{"function":"main.fetchAllMonths","level":"INFO","message":"Gadgets=77.77","service":"fetch","timestamp":"2026-04-15T21:01:39Z"}
{"function":"main.fetchRecordsByLabel","level":"INFO","message":"GET offset=0 url=https://rest.budgetbakers.com/wallet/v1/api/records?recordDate=gte.2026-01-01%2Clt.2026-02-01\u0026labelId=79c2c8c5-0e07-42cb-853b-5b53aaf83d90\u0026limit=100\u0026offset=0\u0026agentHints=false","service":"fetch","timestamp":"2026-04-15T21:01:39Z"}
{"function":"main.fetchRecordsByLabel","level":"INFO","message":"fetched 6 records at offset 0","service":"fetch","timestamp":"2026-04-15T21:01:39Z"}
{"function":"main.fetchAllMonths","level":"INFO","message":"Transport=64.08","service":"fetch","timestamp":"2026-04-15T21:01:39Z"}
{"function":"main.fetchRecordsByLabel","level":"INFO","message":"GET offset=0 url=https://rest.budgetbakers.com/wallet/v1/api/records?recordDate=gte.2026-01-01%2Clt.2026-02-01\u0026labelId=deb89f10-ab90-410d-96e5-6a2f90547108\u0026limit=100\u0026offset=0\u0026agentHints=false","service":"fetch","timestamp":"2026-04-15T21:01:40Z"}
{"function":"main.fetchRecordsByLabel","level":"INFO","message":"fetched 3 records at offset 0","service":"fetch","timestamp":"2026-04-15T21:01:40Z"}
{"function":"main.fetchAllMonths","level":"INFO","message":"Utilities=183.11","service":"fetch","timestamp":"2026-04-15T21:01:40Z"}
{"function":"main.fetchRecordsByLabel","level":"INFO","message":"GET offset=0 url=https://rest.budgetbakers.com/wallet/v1/api/records?recordDate=gte.2026-01-01%2Clt.2026-02-01\u0026labelId=da962951-ceb2-4309-95e7-88cc8f4fa0c5\u0026limit=100\u0026offset=0\u0026agentHints=false","service":"fetch","timestamp":"2026-04-15T21:01:40Z"}
{"function":"main.fetchRecordsByLabel","level":"INFO","message":"fetched 23 records at offset 0","service":"fetch","timestamp":"2026-04-15T21:01:40Z"}
{"function":"main.fetchAllMonths","level":"INFO","message":"50=1400.36","service":"fetch","timestamp":"2026-04-15T21:01:40Z"}
{"function":"main.fetchRecordsByLabel","level":"INFO","message":"GET offset=0 url=https://rest.budgetbakers.com/wallet/v1/api/records?recordDate=gte.2026-01-01%2Clt.2026-02-01\u0026labelId=096622ca-0bac-4dd0-bc2e-2327bba49015\u0026limit=100\u0026offset=0\u0026agentHints=false","service":"fetch","timestamp":"2026-04-15T21:01:40Z"}
{"function":"main.fetchRecordsByLabel","level":"INFO","message":"fetched 0 records at offset 0","service":"fetch","timestamp":"2026-04-15T21:01:40Z"}
{"function":"main.fetchAllMonths","level":"SKIP","message":"Reembolso no records","service":"fetch","timestamp":"2026-04-15T21:01:40Z"}
{"function":"main.fetchRecordsByLabel","level":"INFO","message":"GET offset=0 url=https://rest.budgetbakers.com/wallet/v1/api/records?recordDate=gte.2026-01-01%2Clt.2026-02-01\u0026labelId=381e3d72-373c-47c8-8ebf-40e7e6155d84\u0026limit=100\u0026offset=0\u0026agentHints=false","service":"fetch","timestamp":"2026-04-15T21:01:41Z"}
{"function":"main.fetchRecordsByLabel","level":"INFO","message":"fetched 1 records at offset 0","service":"fetch","timestamp":"2026-04-15T21:01:41Z"}
{"function":"main.fetchAllMonths","level":"INFO","message":"Rent=782.00","service":"fetch","timestamp":"2026-04-15T21:01:41Z"}
{"function":"main.fetchRecordsByLabel","level":"INFO","message":"GET offset=0 url=https://rest.budgetbakers.com/wallet/v1/api/records?recordDate=gte.2026-01-01%2Clt.2026-02-01\u0026labelId=7410903b-bad0-4bc8-8594-66bf0d26c404\u0026limit=100\u0026offset=0\u0026agentHints=false","service":"fetch","timestamp":"2026-04-15T21:01:41Z"}
{"function":"main.fetchRecordsByLabel","level":"INFO","message":"fetched 6 records at offset 0","service":"fetch","timestamp":"2026-04-15T21:01:41Z"}
{"function":"main.fetchAllMonths","level":"INFO","message":"Subscription=75.96","service":"fetch","timestamp":"2026-04-15T21:01:41Z"}
{"function":"main.fetchRecordsByLabel","level":"INFO","message":"GET offset=0 url=https://rest.budgetbakers.com/wallet/v1/api/records?recordDate=gte.2026-01-01%2Clt.2026-02-01\u0026labelId=031fab27-cda6-4e17-bb1b-dc2f53489427\u0026limit=100\u0026offset=0\u0026agentHints=false","service":"fetch","timestamp":"2026-04-15T21:01:41Z"}
{"function":"main.fetchRecordsByLabel","level":"INFO","message":"fetched 5 records at offset 0","service":"fetch","timestamp":"2026-04-15T21:01:42Z"}
{"function":"main.fetchAllMonths","level":"INFO","message":"Trip=467.48","service":"fetch","timestamp":"2026-04-15T21:01:42Z"}
{"function":"main.fetchRecordsByLabel","level":"INFO","message":"GET offset=0 url=https://rest.budgetbakers.com/wallet/v1/api/records?recordDate=gte.2026-01-01%2Clt.2026-02-01\u0026labelId=3e00baf8-9852-4f8c-8867-a7baa5f2eb00\u0026limit=100\u0026offset=0\u0026agentHints=false","service":"fetch","timestamp":"2026-04-15T21:01:42Z"}
{"function":"main.fetchRecordsByLabel","level":"INFO","message":"fetched 3 records at offset 0","service":"fetch","timestamp":"2026-04-15T21:01:42Z"}
{"function":"main.fetchAllMonths","level":"INFO","message":"Car - Parking=37.15","service":"fetch","timestamp":"2026-04-15T21:01:42Z"}
{"function":"main.fetchRecordsByLabel","level":"INFO","message":"GET offset=0 url=https://rest.budgetbakers.com/wallet/v1/api/records?recordDate=gte.2026-01-01%2Clt.2026-02-01\u0026labelId=5a29c77c-904f-46d4-92a4-3fff3ed4a12f\u0026limit=100\u0026offset=0\u0026agentHints=false","service":"fetch","timestamp":"2026-04-15T21:01:42Z"}
{"function":"main.fetchRecordsByLabel","level":"INFO","message":"fetched 15 records at offset 0","service":"fetch","timestamp":"2026-04-15T21:01:42Z"}
{"function":"main.fetchAllMonths","level":"INFO","message":"Entertainment=164.56","service":"fetch","timestamp":"2026-04-15T21:01:42Z"}
{"function":"main.fetchRecordsByLabel","level":"INFO","message":"GET offset=0 url=https://rest.budgetbakers.com/wallet/v1/api/records?recordDate=gte.2026-01-01%2Clt.2026-02-01\u0026labelId=56b9314e-fd03-4647-bb60-5b03a29ed267\u0026limit=100\u0026offset=0\u0026agentHints=false","service":"fetch","timestamp":"2026-04-15T21:01:43Z"}
{"function":"main.fetchRecordsByLabel","level":"INFO","message":"fetched 5 records at offset 0","service":"fetch","timestamp":"2026-04-15T21:01:43Z"}
{"function":"main.fetchAllMonths","level":"INFO","message":"Money Received=595.36","service":"fetch","timestamp":"2026-04-15T21:01:43Z"}
{"function":"main.fetchRecordsByLabel","level":"INFO","message":"GET offset=0 url=https://rest.budgetbakers.com/wallet/v1/api/records?recordDate=gte.2026-01-01%2Clt.2026-02-01\u0026labelId=c2f77107-cac5-4711-86d3-3b5d51705beb\u0026limit=100\u0026offset=0\u0026agentHints=false","service":"fetch","timestamp":"2026-04-15T21:01:43Z"}
{"function":"main.fetchRecordsByLabel","level":"INFO","message":"fetched 1 records at offset 0","service":"fetch","timestamp":"2026-04-15T21:01:43Z"}
{"function":"main.fetchAllMonths","level":"INFO","message":"Salary - Meal=153.00","service":"fetch","timestamp":"2026-04-15T21:01:43Z"}
{"function":"main.fetchRecordsByLabel","level":"INFO","message":"GET offset=0 url=https://rest.budgetbakers.com/wallet/v1/api/records?recordDate=gte.2026-01-01%2Clt.2026-02-01\u0026labelId=a9a5e2c2-04d5-467c-a0ee-61093b1799ec\u0026limit=100\u0026offset=0\u0026agentHints=false","service":"fetch","timestamp":"2026-04-15T21:01:43Z"}
{"function":"main.fetchRecordsByLabel","level":"INFO","message":"fetched 3 records at offset 0","service":"fetch","timestamp":"2026-04-15T21:01:43Z"}
{"function":"main.fetchAllMonths","level":"INFO","message":"Talho=124.14","service":"fetch","timestamp":"2026-04-15T21:01:43Z"}
{"function":"main.fetchRecordsByLabel","level":"INFO","message":"GET offset=0 url=https://rest.budgetbakers.com/wallet/v1/api/records?recordDate=gte.2026-01-01%2Clt.2026-02-01\u0026labelId=5b63e3f2-3f02-4fe8-bcd3-03226052ffe8\u0026limit=100\u0026offset=0\u0026agentHints=false","service":"fetch","timestamp":"2026-04-15T21:01:44Z"}
{"function":"main.fetchRecordsByLabel","level":"INFO","message":"fetched 2 records at offset 0","service":"fetch","timestamp":"2026-04-15T21:01:44Z"}
{"function":"main.fetchAllMonths","level":"INFO","message":"20=400.00","service":"fetch","timestamp":"2026-04-15T21:01:44Z"}
{"function":"main.fetchRecordsByLabel","level":"INFO","message":"GET offset=0 url=https://rest.budgetbakers.com/wallet/v1/api/records?recordDate=gte.2026-01-01%2Clt.2026-02-01\u0026labelId=e4035ac9-6869-4b0b-85f7-864042d4dffa\u0026limit=100\u0026offset=0\u0026agentHints=false","service":"fetch","timestamp":"2026-04-15T21:01:44Z"}
{"function":"main.fetchRecordsByLabel","level":"INFO","message":"fetched 0 records at offset 0","service":"fetch","timestamp":"2026-04-15T21:01:44Z"}
{"function":"main.fetchAllMonths","level":"SKIP","message":"Car - Default no records","service":"fetch","timestamp":"2026-04-15T21:01:44Z"}
{"function":"main.fetchRecordsByLabel","level":"INFO","message":"GET offset=0 url=https://rest.budgetbakers.com/wallet/v1/api/records?recordDate=gte.2026-01-01%2Clt.2026-02-01\u0026labelId=8851452f-476d-4599-acc0-c60b12311638\u0026limit=100\u0026offset=0\u0026agentHints=false","service":"fetch","timestamp":"2026-04-15T21:01:45Z"}
{"function":"main.fetchRecordsByLabel","level":"INFO","message":"fetched 18 records at offset 0","service":"fetch","timestamp":"2026-04-15T21:01:45Z"}
{"function":"main.fetchAllMonths","level":"INFO","message":"Market=410.54","service":"fetch","timestamp":"2026-04-15T21:01:45Z"}
{"function":"main.fetchRecordsByLabel","level":"INFO","message":"GET offset=0 url=https://rest.budgetbakers.com/wallet/v1/api/records?recordDate=gte.2026-01-01%2Clt.2026-02-01\u0026labelId=bb8da8c6-5caa-442a-89d2-9a1772c409df\u0026limit=100\u0026offset=0\u0026agentHints=false","service":"fetch","timestamp":"2026-04-15T21:01:45Z"}
{"function":"main.fetchRecordsByLabel","level":"INFO","message":"fetched 0 records at offset 0","service":"fetch","timestamp":"2026-04-15T21:01:45Z"}
{"function":"main.fetchAllMonths","level":"SKIP","message":"Salary - PPR no records","service":"fetch","timestamp":"2026-04-15T21:01:45Z"}
{"function":"main.fetchRecordsByLabel","level":"INFO","message":"GET offset=0 url=https://rest.budgetbakers.com/wallet/v1/api/records?recordDate=gte.2026-01-01%2Clt.2026-02-01\u0026labelId=bca06ee6-368f-4fa8-90fe-b5b30ecf1c95\u0026limit=100\u0026offset=0\u0026agentHints=false","service":"fetch","timestamp":"2026-04-15T21:01:45Z"}
{"function":"main.fetchRecordsByLabel","level":"INFO","message":"fetched 71 records at offset 0","service":"fetch","timestamp":"2026-04-15T21:01:45Z"}
{"function":"main.fetchAllMonths","level":"INFO","message":"30=2045.98","service":"fetch","timestamp":"2026-04-15T21:01:45Z"}
{"function":"main.fetchRecordsByLabel","level":"INFO","message":"GET offset=0 url=https://rest.budgetbakers.com/wallet/v1/api/records?recordDate=gte.2026-01-01%2Clt.2026-02-01\u0026labelId=e703cce2-3491-4a1a-9fbc-3559aec59ec7\u0026limit=100\u0026offset=0\u0026agentHints=false","service":"fetch","timestamp":"2026-04-15T21:01:46Z"}
{"function":"main.fetchRecordsByLabel","level":"INFO","message":"fetched 2 records at offset 0","service":"fetch","timestamp":"2026-04-15T21:01:46Z"}
{"function":"main.fetchAllMonths","level":"INFO","message":"Car - Fuel=78.91","service":"fetch","timestamp":"2026-04-15T21:01:46Z"}
{"function":"main.fetchRecordsByLabel","level":"INFO","message":"GET offset=0 url=https://rest.budgetbakers.com/wallet/v1/api/records?recordDate=gte.2026-01-01%2Clt.2026-02-01\u0026labelId=d719bf08-4a25-48c3-99c8-14673470f211\u0026limit=100\u0026offset=0\u0026agentHints=false","service":"fetch","timestamp":"2026-04-15T21:01:46Z"}
{"function":"main.fetchRecordsByLabel","level":"INFO","message":"fetched 0 records at offset 0","service":"fetch","timestamp":"2026-04-15T21:01:46Z"}
{"function":"main.fetchAllMonths","level":"SKIP","message":"Crypto no records","service":"fetch","timestamp":"2026-04-15T21:01:46Z"}
{"function":"main.fetchRecordsByLabel","level":"INFO","message":"GET offset=0 url=https://rest.budgetbakers.com/wallet/v1/api/records?recordDate=gte.2026-01-01%2Clt.2026-02-01\u0026labelId=7be6e5a5-4f01-4809-9fd5-bcc7f5ca9e01\u0026limit=100\u0026offset=0\u0026agentHints=false","service":"fetch","timestamp":"2026-04-15T21:01:46Z"}
{"function":"main.fetchRecordsByLabel","level":"INFO","message":"fetched 2 records at offset 0","service":"fetch","timestamp":"2026-04-15T21:01:47Z"}
{"function":"main.fetchAllMonths","level":"INFO","message":"Stock=400.00","service":"fetch","timestamp":"2026-04-15T21:01:47Z"}
{"function":"main.fetchRecordsByLabel","level":"INFO","message":"GET offset=0 url=https://rest.budgetbakers.com/wallet/v1/api/records?recordDate=gte.2026-01-01%2Clt.2026-02-01\u0026labelId=4a584ff3-ac5e-4f21-bf7c-33919123ac62\u0026limit=100\u0026offset=0\u0026agentHints=false","service":"fetch","timestamp":"2026-04-15T21:01:47Z"}
{"function":"main.fetchRecordsByLabel","level":"INFO","message":"fetched 18 records at offset 0","service":"fetch","timestamp":"2026-04-15T21:01:47Z"}
{"function":"main.fetchAllMonths","level":"INFO","message":"Eating Out=287.64","service":"fetch","timestamp":"2026-04-15T21:01:47Z"}
{"function":"main.fetchRecordsByLabel","level":"INFO","message":"GET offset=0 url=https://rest.budgetbakers.com/wallet/v1/api/records?recordDate=gte.2026-01-01%2Clt.2026-02-01\u0026labelId=d6834587-4583-45a8-a55e-e6347e84daf6\u0026limit=100\u0026offset=0\u0026agentHints=false","service":"fetch","timestamp":"2026-04-15T21:01:47Z"}
{"function":"main.fetchRecordsByLabel","level":"INFO","message":"fetched 3 records at offset 0","service":"fetch","timestamp":"2026-04-15T21:01:47Z"}
{"function":"main.fetchAllMonths","level":"INFO","message":"Education=386.15","service":"fetch","timestamp":"2026-04-15T21:01:47Z"}
{"function":"main.fetchAllMonths","level":"INFO","message":"total Label → 25","service":"fetch","timestamp":"2026-04-15T21:01:48Z"}
{"function":"main.fetchAllMonths","level":"INFO","message":"total no records → 6","service":"fetch","timestamp":"2026-04-15T21:01:48Z"}
{"function":"main.fetchAllMonths","level":"INFO","message":"saved → data/2026/record_2026_01.json","service":"fetch","timestamp":"2026-04-15T21:01:48Z"}
{"function":"main.fetchRecordsByLabel","level":"INFO","message":"GET offset=0 url=https://rest.budgetbakers.com/wallet/v1/api/records?recordDate=gte.2026-02-01%2Clt.2026-03-01\u0026labelId=5b63e3f2-3f02-4fe8-bcd3-03226052ffe8\u0026limit=100\u0026offset=0\u0026agentHints=false","service":"fetch","timestamp":"2026-04-15T21:01:48Z"}
{"function":"main.fetchRecordsByLabel","level":"INFO","message":"fetched 4 records at offset 0","service":"fetch","timestamp":"2026-04-15T21:01:48Z"}
{"function":"main.fetchAllMonths","level":"INFO","message":"20=401.09","service":"fetch","timestamp":"2026-04-15T21:01:48Z"}
{"function":"main.fetchRecordsByLabel","level":"INFO","message":"GET offset=0 url=https://rest.budgetbakers.com/wallet/v1/api/records?recordDate=gte.2026-02-01%2Clt.2026-03-01\u0026labelId=e4035ac9-6869-4b0b-85f7-864042d4dffa\u0026limit=100\u0026offset=0\u0026agentHints=false","service":"fetch","timestamp":"2026-04-15T21:01:48Z"}
{"function":"main.fetchRecordsByLabel","level":"INFO","message":"fetched 0 records at offset 0","service":"fetch","timestamp":"2026-04-15T21:01:48Z"}
{"function":"main.fetchAllMonths","level":"SKIP","message":"Car - Default no records","service":"fetch","timestamp":"2026-04-15T21:01:48Z"}
{"function":"main.fetchRecordsByLabel","level":"INFO","message":"GET offset=0 url=https://rest.budgetbakers.com/wallet/v1/api/records?recordDate=gte.2026-02-01%2Clt.2026-03-01\u0026labelId=8851452f-476d-4599-acc0-c60b12311638\u0026limit=100\u0026offset=0\u0026agentHints=false","service":"fetch","timestamp":"2026-04-15T21:01:48Z"}
{"function":"main.fetchRecordsByLabel","level":"INFO","message":"fetched 18 records at offset 0","service":"fetch","timestamp":"2026-04-15T21:01:48Z"}
{"function":"main.fetchAllMonths","level":"INFO","message":"Market=355.74","service":"fetch","timestamp":"2026-04-15T21:01:48Z"}
{"function":"main.fetchRecordsByLabel","level":"INFO","message":"GET offset=0 url=https://rest.budgetbakers.com/wallet/v1/api/records?recordDate=gte.2026-02-01%2Clt.2026-03-01\u0026labelId=bb8da8c6-5caa-442a-89d2-9a1772c409df\u0026limit=100\u0026offset=0\u0026agentHints=false","service":"fetch","timestamp":"2026-04-15T21:01:49Z"}
{"function":"main.fetchRecordsByLabel","level":"INFO","message":"fetched 0 records at offset 0","service":"fetch","timestamp":"2026-04-15T21:01:49Z"}
{"function":"main.fetchAllMonths","level":"SKIP","message":"Salary - PPR no records","service":"fetch","timestamp":"2026-04-15T21:01:49Z"}
{"function":"main.fetchRecordsByLabel","level":"INFO","message":"GET offset=0 url=https://rest.budgetbakers.com/wallet/v1/api/records?recordDate=gte.2026-02-01%2Clt.2026-03-01\u0026labelId=bca06ee6-368f-4fa8-90fe-b5b30ecf1c95\u0026limit=100\u0026offset=0\u0026agentHints=false","service":"fetch","timestamp":"2026-04-15T21:01:49Z"}
{"function":"main.fetchRecordsByLabel","level":"INFO","message":"fetched 96 records at offset 0","service":"fetch","timestamp":"2026-04-15T21:01:49Z"}
{"function":"main.fetchAllMonths","level":"INFO","message":"30=1717.63","service":"fetch","timestamp":"2026-04-15T21:01:49Z"}
{"function":"main.fetchRecordsByLabel","level":"INFO","message":"GET offset=0 url=https://rest.budgetbakers.com/wallet/v1/api/records?recordDate=gte.2026-02-01%2Clt.2026-03-01\u0026labelId=e703cce2-3491-4a1a-9fbc-3559aec59ec7\u0026limit=100\u0026offset=0\u0026agentHints=false","service":"fetch","timestamp":"2026-04-15T21:01:50Z"}
{"function":"main.fetchRecordsByLabel","level":"INFO","message":"fetched 1 records at offset 0","service":"fetch","timestamp":"2026-04-15T21:01:50Z"}
{"function":"main.fetchAllMonths","level":"INFO","message":"Car - Fuel=50.00","service":"fetch","timestamp":"2026-04-15T21:01:50Z"}
{"function":"main.fetchRecordsByLabel","level":"INFO","message":"GET offset=0 url=https://rest.budgetbakers.com/wallet/v1/api/records?recordDate=gte.2026-02-01%2Clt.2026-03-01\u0026labelId=d719bf08-4a25-48c3-99c8-14673470f211\u0026limit=100\u0026offset=0\u0026agentHints=false","service":"fetch","timestamp":"2026-04-15T21:01:50Z"}
{"function":"main.fetchRecordsByLabel","level":"INFO","message":"fetched 1 records at offset 0","service":"fetch","timestamp":"2026-04-15T21:01:50Z"}
{"function":"main.fetchAllMonths","level":"INFO","message":"Crypto=250.00","service":"fetch","timestamp":"2026-04-15T21:01:50Z"}
{"function":"main.fetchRecordsByLabel","level":"INFO","message":"GET offset=0 url=https://rest.budgetbakers.com/wallet/v1/api/records?recordDate=gte.2026-02-01%2Clt.2026-03-01\u0026labelId=7be6e5a5-4f01-4809-9fd5-bcc7f5ca9e01\u0026limit=100\u0026offset=0\u0026agentHints=false","service":"fetch","timestamp":"2026-04-15T21:01:50Z"}
{"function":"main.fetchRecordsByLabel","level":"INFO","message":"fetched 0 records at offset 0","service":"fetch","timestamp":"2026-04-15T21:01:50Z"}
{"function":"main.fetchAllMonths","level":"SKIP","message":"Stock no records","service":"fetch","timestamp":"2026-04-15T21:01:50Z"}
{"function":"main.fetchRecordsByLabel","level":"INFO","message":"GET offset=0 url=https://rest.budgetbakers.com/wallet/v1/api/records?recordDate=gte.2026-02-01%2Clt.2026-03-01\u0026labelId=4a584ff3-ac5e-4f21-bf7c-33919123ac62\u0026limit=100\u0026offset=0\u0026agentHints=false","service":"fetch","timestamp":"2026-04-15T21:01:51Z"}
{"function":"main.fetchRecordsByLabel","level":"INFO","message":"fetched 17 records at offset 0","service":"fetch","timestamp":"2026-04-15T21:01:51Z"}
{"function":"main.fetchAllMonths","level":"INFO","message":"Eating Out=182.93","service":"fetch","timestamp":"2026-04-15T21:01:51Z"}
{"function":"main.fetchRecordsByLabel","level":"INFO","message":"GET offset=0 url=https://rest.budgetbakers.com/wallet/v1/api/records?recordDate=gte.2026-02-01%2Clt.2026-03-01\u0026labelId=d6834587-4583-45a8-a55e-e6347e84daf6\u0026limit=100\u0026offset=0\u0026agentHints=false","service":"fetch","timestamp":"2026-04-15T21:01:51Z"}
{"function":"main.fetchRecordsByLabel","level":"INFO","message":"fetched 0 records at offset 0","service":"fetch","timestamp":"2026-04-15T21:01:51Z"}
{"function":"main.fetchAllMonths","level":"SKIP","message":"Education no records","service":"fetch","timestamp":"2026-04-15T21:01:51Z"}
{"function":"main.fetchRecordsByLabel","level":"INFO","message":"GET offset=0 url=https://rest.budgetbakers.com/wallet/v1/api/records?recordDate=gte.2026-02-01%2Clt.2026-03-01\u0026labelId=3b936028-cb21-4158-acae-b1bd5bc66556\u0026limit=100\u0026offset=0\u0026agentHints=false","service":"fetch","timestamp":"2026-04-15T21:01:51Z"}
{"function":"main.fetchRecordsByLabel","level":"INFO","message":"fetched 1 records at offset 0","service":"fetch","timestamp":"2026-04-15T21:01:52Z"}
{"function":"main.fetchAllMonths","level":"INFO","message":"Salary=2521.28","service":"fetch","timestamp":"2026-04-15T21:01:52Z"}
{"function":"main.fetchRecordsByLabel","level":"INFO","message":"GET offset=0 url=https://rest.budgetbakers.com/wallet/v1/api/records?recordDate=gte.2026-02-01%2Clt.2026-03-01\u0026labelId=98973de0-297a-43c0-9017-d97e4939a280\u0026limit=100\u0026offset=0\u0026agentHints=false","service":"fetch","timestamp":"2026-04-15T21:01:52Z"}
{"function":"main.fetchRecordsByLabel","level":"INFO","message":"fetched 6 records at offset 0","service":"fetch","timestamp":"2026-04-15T21:01:52Z"}
{"function":"main.fetchAllMonths","level":"INFO","message":"Health=610.00","service":"fetch","timestamp":"2026-04-15T21:01:52Z"}
{"function":"main.fetchRecordsByLabel","level":"INFO","message":"GET offset=0 url=https://rest.budgetbakers.com/wallet/v1/api/records?recordDate=gte.2026-02-01%2Clt.2026-03-01\u0026labelId=745acdb0-e99e-496a-b51e-cf94c43d6166\u0026limit=100\u0026offset=0\u0026agentHints=false","service":"fetch","timestamp":"2026-04-15T21:01:52Z"}
{"function":"main.fetchRecordsByLabel","level":"INFO","message":"fetched 7 records at offset 0","service":"fetch","timestamp":"2026-04-15T21:01:52Z"}
{"function":"main.fetchAllMonths","level":"INFO","message":"Sports=175.46","service":"fetch","timestamp":"2026-04-15T21:01:52Z"}
{"function":"main.fetchRecordsByLabel","level":"INFO","message":"GET offset=0 url=https://rest.budgetbakers.com/wallet/v1/api/records?recordDate=gte.2026-02-01%2Clt.2026-03-01\u0026labelId=8cb7d8f4-9185-4cac-90ac-4b2dbd9d45b5\u0026limit=100\u0026offset=0\u0026agentHints=false","service":"fetch","timestamp":"2026-04-15T21:01:53Z"}
{"function":"main.fetchRecordsByLabel","level":"INFO","message":"fetched 14 records at offset 0","service":"fetch","timestamp":"2026-04-15T21:01:53Z"}
{"function":"main.fetchAllMonths","level":"INFO","message":"Tranfer B2C=425.42","service":"fetch","timestamp":"2026-04-15T21:01:53Z"}
{"function":"main.fetchRecordsByLabel","level":"INFO","message":"GET offset=0 url=https://rest.budgetbakers.com/wallet/v1/api/records?recordDate=gte.2026-02-01%2Clt.2026-03-01\u0026labelId=ecf8b7a8-e61c-4a16-bee7-66debaf529e7\u0026limit=100\u0026offset=0\u0026agentHints=false","service":"fetch","timestamp":"2026-04-15T21:01:53Z"}
{"function":"main.fetchRecordsByLabel","level":"INFO","message":"fetched 1 records at offset 0","service":"fetch","timestamp":"2026-04-15T21:01:53Z"}
{"function":"main.fetchAllMonths","level":"INFO","message":"Clothes=17.86","service":"fetch","timestamp":"2026-04-15T21:01:53Z"}
{"function":"main.fetchRecordsByLabel","level":"INFO","message":"GET offset=0 url=https://rest.budgetbakers.com/wallet/v1/api/records?recordDate=gte.2026-02-01%2Clt.2026-03-01\u0026labelId=0e8c95cf-01cf-49ab-83bc-b3f37c120b79\u0026limit=100\u0026offset=0\u0026agentHints=false","service":"fetch","timestamp":"2026-04-15T21:01:53Z"}
{"function":"main.fetchRecordsByLabel","level":"INFO","message":"fetched 5 records at offset 0","service":"fetch","timestamp":"2026-04-15T21:01:53Z"}
{"function":"main.fetchAllMonths","level":"INFO","message":"Personal Care=134.20","service":"fetch","timestamp":"2026-04-15T21:01:53Z"}
{"function":"main.fetchRecordsByLabel","level":"INFO","message":"GET offset=0 url=https://rest.budgetbakers.com/wallet/v1/api/records?recordDate=gte.2026-02-01%2Clt.2026-03-01\u0026labelId=2f779954-48f4-4ec6-848f-9bb94eec49b9\u0026limit=100\u0026offset=0\u0026agentHints=false","service":"fetch","timestamp":"2026-04-15T21:01:54Z"}
{"function":"main.fetchRecordsByLabel","level":"INFO","message":"fetched 1 records at offset 0","service":"fetch","timestamp":"2026-04-15T21:01:54Z"}
{"function":"main.fetchAllMonths","level":"INFO","message":"Car - Installment=165.03","service":"fetch","timestamp":"2026-04-15T21:01:54Z"}
{"function":"main.fetchRecordsByLabel","level":"INFO","message":"GET offset=0 url=https://rest.budgetbakers.com/wallet/v1/api/records?recordDate=gte.2026-02-01%2Clt.2026-03-01\u0026labelId=1182d1e1-b989-4975-a1e2-497fbd7b9fe7\u0026limit=100\u0026offset=0\u0026agentHints=false","service":"fetch","timestamp":"2026-04-15T21:01:54Z"}
{"function":"main.fetchRecordsByLabel","level":"INFO","message":"fetched 1 records at offset 0","service":"fetch","timestamp":"2026-04-15T21:01:54Z"}
{"function":"main.fetchAllMonths","level":"INFO","message":"Donations=30.00","service":"fetch","timestamp":"2026-04-15T21:01:54Z"}
{"function":"main.fetchRecordsByLabel","level":"INFO","message":"GET offset=0 url=https://rest.budgetbakers.com/wallet/v1/api/records?recordDate=gte.2026-02-01%2Clt.2026-03-01\u0026labelId=8f8c2061-20b5-4f62-ad9f-55181a4c61eb\u0026limit=100\u0026offset=0\u0026agentHints=false","service":"fetch","timestamp":"2026-04-15T21:01:55Z"}
{"function":"main.fetchRecordsByLabel","level":"INFO","message":"fetched 2 records at offset 0","service":"fetch","timestamp":"2026-04-15T21:01:55Z"}
{"function":"main.fetchAllMonths","level":"INFO","message":"Gadgets=62.82","service":"fetch","timestamp":"2026-04-15T21:01:55Z"}
{"function":"main.fetchRecordsByLabel","level":"INFO","message":"GET offset=0 url=https://rest.budgetbakers.com/wallet/v1/api/records?recordDate=gte.2026-02-01%2Clt.2026-03-01\u0026labelId=79c2c8c5-0e07-42cb-853b-5b53aaf83d90\u0026limit=100\u0026offset=0\u0026agentHints=false","service":"fetch","timestamp":"2026-04-15T21:01:55Z"}
{"function":"main.fetchRecordsByLabel","level":"INFO","message":"fetched 6 records at offset 0","service":"fetch","timestamp":"2026-04-15T21:01:55Z"}
{"function":"main.fetchAllMonths","level":"INFO","message":"Transport=56.67","service":"fetch","timestamp":"2026-04-15T21:01:55Z"}
{"function":"main.fetchRecordsByLabel","level":"INFO","message":"GET offset=0 url=https://rest.budgetbakers.com/wallet/v1/api/records?recordDate=gte.2026-02-01%2Clt.2026-03-01\u0026labelId=deb89f10-ab90-410d-96e5-6a2f90547108\u0026limit=100\u0026offset=0\u0026agentHints=false","service":"fetch","timestamp":"2026-04-15T21:01:55Z"}
{"function":"main.fetchRecordsByLabel","level":"INFO","message":"fetched 3 records at offset 0","service":"fetch","timestamp":"2026-04-15T21:01:55Z"}
{"function":"main.fetchAllMonths","level":"INFO","message":"Utilities=138.42","service":"fetch","timestamp":"2026-04-15T21:01:55Z"}
{"function":"main.fetchRecordsByLabel","level":"INFO","message":"GET offset=0 url=https://rest.budgetbakers.com/wallet/v1/api/records?recordDate=gte.2026-02-01%2Clt.2026-03-01\u0026labelId=da962951-ceb2-4309-95e7-88cc8f4fa0c5\u0026limit=100\u0026offset=0\u0026agentHints=false","service":"fetch","timestamp":"2026-04-15T21:01:56Z"}
{"function":"main.fetchRecordsByLabel","level":"INFO","message":"fetched 28 records at offset 0","service":"fetch","timestamp":"2026-04-15T21:01:56Z"}
{"function":"main.fetchAllMonths","level":"INFO","message":"50=1886.16","service":"fetch","timestamp":"2026-04-15T21:01:56Z"}
